[debug] [2022-10-20T17:05:26.062Z] ----------------------------------------------------------------------
[debug] [2022-10-20T17:05:26.066Z] Command:       /usr/local/bin/firebase /root/.cache/firebase/tools/lib/node_modules/firebase-tools/lib/bin/firebase init
[debug] [2022-10-20T17:05:26.066Z] CLI Version:   11.15.0
[debug] [2022-10-20T17:05:26.067Z] Platform:      linux
[debug] [2022-10-20T17:05:26.067Z] Node Version:  v16.16.0
[debug] [2022-10-20T17:05:26.067Z] Time:          Fri Oct 21 2022 01:05:26 GMT+0800 (Singapore Standard Time)
[debug] [2022-10-20T17:05:26.068Z] ----------------------------------------------------------------------
[debug] 
[debug] [2022-10-20T17:05:26.078Z] > command requires scopes: ["email","openid","https://www.googleapis.com/auth/cloudplatformprojects.readonly","https://www.googleapis.com/auth/firebase","https://www.googleapis.com/auth/cloud-platform"]
[debug] [2022-10-20T17:05:26.079Z] > authorizing via signed-in user (maxloopww@gmail.com)
[info] 
     ######## #### ########  ######## ########     ###     ######  ########
     ##        ##  ##     ## ##       ##     ##  ##   ##  ##       ##
     ######    ##  ########  ######   ########  #########  ######  ######
     ##        ##  ##    ##  ##       ##     ## ##     ##       ## ##
     ##       #### ##     ## ######## ########  ##     ##  ######  ########

You're about to initialize a Firebase project in this directory:

  /root/src/vue-complete/18/deploy-02-async-components

[info] 
=== Project Setup
[info] 
[info] First, let's associate this project directory with a Firebase project.
[info] You can create multiple project aliases by running firebase use --add, 
[info] but for now we'll just set up a default project.
[info] 
[debug] [2022-10-20T17:06:18.036Z] >>> [apiv2][query] GET https://firebase.googleapis.com/v1beta1/projects pageSize=100
[debug] [2022-10-20T17:06:18.979Z] <<< [apiv2][status] GET https://firebase.googleapis.com/v1beta1/projects 200
[debug] [2022-10-20T17:06:18.980Z] <<< [apiv2][body] GET https://firebase.googleapis.com/v1beta1/projects [omitted]
[info] i  Using project max-vue-01 (max-vue-01) 
[info] 
=== Hosting Setup
[info] 
[info] Your public directory is the folder (relative to your project directory) that
[info] will contain Hosting assets to be uploaded with firebase deploy. If you
[info] have a build process for your assets, use your build's output directory.
[info] 
[debug] [2022-10-20T17:10:19.474Z] >>> [apiv2][query] GET https://www.gstatic.com/firebasejs/releases.json [none]
[debug] [2022-10-20T17:10:19.582Z] <<< [apiv2][status] GET https://www.gstatic.com/firebasejs/releases.json 200
[debug] [2022-10-20T17:10:19.583Z] <<< [apiv2][body] GET https://www.gstatic.com/firebasejs/releases.json {"current":{"version":"9.12.1","browserURL":"https://www.gstatic.com/firebasejs/9.12.1/firebase.js","packageURL":"https://www.gstatic.com/firebasejs/9.12.1/firebase.tgz"},"live":{"version":"9.12","browserURL":"https://www.gstatic.com/firebasejs/live/9.12/firebase.js","packageURL":"https://www.gstatic.com/firebasejs/live/9.12/firebase.tgz"},"components":{"analytics":"https://www.gstatic.com/firebasejs/9.12.1/firebase-analytics.js","app":"https://www.gstatic.com/firebasejs/9.12.1/firebase-app.js","app-check":"https://www.gstatic.com/firebasejs/9.12.1/firebase-app-check.js","auth":"https://www.gstatic.com/firebasejs/9.12.1/firebase-auth.js","auth/cordova":"https://www.gstatic.com/firebasejs/9.12.1/firebase-auth/cordova.js","auth/react-native":"https://www.gstatic.com/firebasejs/9.12.1/firebase-auth/react-native.js","functions":"https://www.gstatic.com/firebasejs/9.12.1/firebase-functions.js","firestore":"https://www.gstatic.com/firebasejs/9.12.1/firebase-firestore.js","firestore/lite":"https://www.gstatic.com/firebasejs/9.12.1/firebase-firestore/lite.js","installations":"https://www.gstatic.com/firebasejs/9.12.1/firebase-installations.js","storage":"https://www.gstatic.com/firebasejs/9.12.1/firebase-storage.js","performance":"https://www.gstatic.com/firebasejs/9.12.1/firebase-performance.js","remote-config":"https://www.gstatic.com/firebasejs/9.12.1/firebase-remote-config.js","messaging":"https://www.gstatic.com/firebasejs/9.12.1/firebase-messaging.js","messaging/sw":"https://www.gstatic.com/firebasejs/9.12.1/firebase-messaging/sw.js","database":"https://www.gstatic.com/firebasejs/9.12.1/firebase-database.js","firestore.memory":"https://www.gstatic.com/firebasejs/9.12.1/firebase-firestore.memory.js"}}
[info] i  Skipping write of dist/index.html 
[info] 
[info] i  Detected a .git folder at /root/src/vue-complete 
[info] i  Authorizing with GitHub to upload your service account to a GitHub repository's secrets store. 
[info] 
[info] Visit this URL on this device to log in:
[info] https://github.com/login/oauth/authorize?client_id=89cf50f02ac6aaed3484&state=769452480&redirect_uri=http%3A%2F%2Flocalhost%3A9005&scope=read%3Auser%20repo%20public_repo
[info] 
[info] Waiting for authentication...
